<?xml version="1.0" encoding="UTF-8"?>
<!-- Generated by org.testng.reporters.JUnitReportReporter -->
<testsuite skipped="0" hostname="Femila-PC" name="com.sel.pagetest.HomePageTest" tests="1" failures="0" timestamp="22 Oct 2019 18:55:17 GMT" time="69.906" errors="0">
  <testcase name="ClickOnAdGroupTab" time="69.906" classname="com.sel.pagetest.HomePageTest"/>
</testsuite> <!-- com.sel.pagetest.HomePageTest -->
