<?xml version="1.0" encoding="UTF-8"?>
<!-- Generated by org.testng.reporters.JUnitReportReporter -->
<testsuite skipped="0" hostname="Femila-PC" name="com.sel.pagetest.LoginPageTest" tests="3" failures="0" timestamp="21 Oct 2019 16:51:20 GMT" time="100.677" errors="0">
  <testcase name="loginPageTitletest" time="25.771" classname="com.sel.pagetest.LoginPageTest"/>
  <testcase name="loginTest" time="52.761" classname="com.sel.pagetest.LoginPageTest"/>
  <testcase name="loginImgae" time="22.145" classname="com.sel.pagetest.LoginPageTest"/>
</testsuite> <!-- com.sel.pagetest.LoginPageTest -->
